✓ Atlas built: 87/87 textures loaded
✓ Found block models at: "../Assets/Models/Block/"
✓ Loaded block model: acacia_button
✓ Loaded block model: acacia_button_pressed
✓ Loaded block model: acacia_fence_gate
✓ Loaded block model: acacia_fence_gate_open
✓ Loaded block model: acacia_fence_gate_wall
✓ Loaded block model: acacia_fence_gate_wall_open
✓ Loaded block model: acacia_fence_post
✓ Loaded block model: acacia_fence_side
✓ Loaded block model: acacia_leaves
✓ Loaded block model: acacia_leaves_1
✓ Loaded block model: acacia_leaves_2
✓ Loaded block model: acacia_leaves_3
✓ Loaded block model: acacia_planks
✓ Loaded block model: acacia_planks_1
✓ Loaded block model: acacia_planks_2
✓ Loaded block model: acacia_planks_3
✓ Loaded block model: andesite
✓ Loaded block model: andesite_1
✓ Loaded block model: andesite_2
✓ Loaded block model: azalea_leaves
✓ Loaded block model: azalea_leaves_1
✓ Loaded block model: azalea_leaves_2
✓ Loaded block model: azalea_leaves_flowers
✓ Loaded block model: azalea_leaves_flowers_1
✓ Loaded block model: azalea_leaves_flowers_2
✓ Loaded block model: bamboo_button
✓ Loaded block model: bamboo_button_pressed
✓ Loaded block model: basalt
✓ Loaded block model: basalt_1
✓ Loaded block model: basalt_2
✓ Loaded block model: basalt_3
✓ Loaded block model: birch_button
✓ Loaded block model: birch_button_pressed
✓ Loaded block model: birch_fence_gate
✓ Loaded block model: birch_fence_gate_open
✓ Loaded block model: birch_fence_gate_wall
✓ Loaded block model: birch_fence_gate_wall_open
✓ Loaded block model: birch_fence_post
✓ Loaded block model: birch_fence_side
✓ Loaded block model: birch_leaves
✓ Loaded block model: birch_planks
✓ Loaded block model: birch_planks_1
✓ Loaded block model: birch_planks_2
✓ Loaded block model: birch_planks_3
✓ Loaded block model: bookshelf
✓ Loaded block model: bookshelf_1
✓ Loaded block model: bookshelf_2
✓ Loaded block model: bookshelf_3
✓ Loaded block model: bookshelf_4
✓ Loaded block model: bookshelf_5
✓ Loaded block model: bookshelf_6
✓ Loaded block model: brick_wall_post
✓ Loaded block model: brick_wall_side
✓ Loaded block model: brick_wall_side_tall
✓ Loaded block model: cherry_button
✓ Loaded block model: cherry_button_pressed
✓ Loaded block model: cherry_fence_gate
✓ Loaded block model: cherry_fence_gate_open
✓ Loaded block model: cherry_fence_gate_wall
✓ Loaded block model: cherry_fence_gate_wall_open
✓ Loaded block model: cherry_fence_post
✓ Loaded block model: cherry_fence_side
✓ Loaded block model: cherry_leaves
✓ Loaded block model: cherry_leaves_1
✓ Loaded block model: cherry_leaves_2
✓ Loaded block model: cherry_leaves_3
✓ Loaded block model: cherry_planks
✓ Loaded block model: cherry_planks_1
✓ Loaded block model: cherry_planks_2
✓ Loaded block model: cherry_planks_3
✓ Loaded block model: coal_ore
✓ Loaded block model: coal_ore_1
✓ Loaded block model: coal_ore_2
✓ Loaded block model: cobbled_deepslate
✓ Loaded block model: cobbled_deepslate_1
✓ Loaded block model: cobbled_deepslate_2
✓ Loaded block model: cobbled_deepslate_wall_post
✓ Loaded block model: cobbled_deepslate_wall_side
✓ Loaded block model: cobbled_deepslate_wall_side_tall
✓ Loaded block model: cobblestone
✓ Loaded block model: cobblestone_1
✓ Loaded block model: cobblestone_2
✓ Loaded block model: cobblestone_wall_post
✓ Loaded block model: cobblestone_wall_side
✓ Loaded block model: cobblestone_wall_side_tall
✓ Loaded block model: copper_block
✓ Loaded block model: copper_block_1
✓ Loaded block model: copper_block_2
✓ Loaded block model: copper_block_3
✓ Loaded block model: copper_grate
✓ Loaded block model: copper_grate_1
✓ Loaded block model: copper_ore
✓ Loaded block model: copper_ore_1
✓ Loaded block model: copper_ore_2
✓ Loaded block model: cracked_deepslate_bricks
✓ Loaded block model: cracked_deepslate_bricks_1
✓ Loaded block model: cracked_deepslate_bricks_2
✓ Loaded block model: cracked_deepslate_tiles
✓ Loaded block model: cracked_deepslate_tiles_1
✓ Loaded block model: cracked_stone_bricks
✓ Loaded block model: cracked_stone_bricks_1
✓ Loaded block model: cracked_stone_bricks_2
✓ Loaded block model: crimson_button
✓ Loaded block model: crimson_button_pressed
✓ Loaded block model: crimson_fence_gate
✓ Loaded block model: crimson_fence_gate_open
✓ Loaded block model: crimson_fence_gate_wall
✓ Loaded block model: crimson_fence_gate_wall_open
✓ Loaded block model: crimson_fence_post
✓ Loaded block model: crimson_fence_side
✓ Loaded block model: crimson_planks
✓ Loaded block model: crimson_planks_1
✓ Loaded block model: crimson_planks_2
✓ Loaded block model: crimson_planks_3
✓ Loaded block model: cube_faces
✓ Loaded block model: cut_copper
✓ Loaded block model: cut_copper_1
✓ Loaded block model: cut_red_sandstone
✓ Loaded block model: cut_red_sandstone_1
✓ Loaded block model: cut_red_sandstone_2
✓ Loaded block model: cut_red_sandstone_3
✓ Loaded block model: cut_sandstone
✓ Loaded block model: cut_sandstone_1
✓ Loaded block model: cut_sandstone_2
✓ Loaded block model: cut_sandstone_3
✓ Loaded block model: dark_oak_button
✓ Loaded block model: dark_oak_button_pressed
✓ Loaded block model: dark_oak_fence_gate
✓ Loaded block model: dark_oak_fence_gate_open
✓ Loaded block model: dark_oak_fence_gate_wall
✓ Loaded block model: dark_oak_fence_gate_wall_open
✓ Loaded block model: dark_oak_fence_post
✓ Loaded block model: dark_oak_fence_side
✓ Loaded block model: dark_oak_leaves
✓ Loaded block model: dark_oak_leaves_1
✓ Loaded block model: dark_oak_leaves_2
✓ Loaded block model: dark_oak_planks
✓ Loaded block model: dark_oak_planks_1
✓ Loaded block model: dark_oak_planks_2
✓ Loaded block model: dark_oak_planks_3
✓ Loaded block model: dark_oak_slab
✓ Loaded block model: dark_oak_slab_1
✓ Loaded block model: dark_oak_slab_2
✓ Loaded block model: dark_oak_slab_3
✓ Loaded block model: dark_oak_slab_top
✓ Loaded block model: dark_oak_slab_top_1
✓ Loaded block model: dark_oak_slab_top_2
✓ Loaded block model: dark_oak_slab_top_3
✓ Loaded block model: dark_oak_stairs
✓ Loaded block model: dark_oak_stairs_inner
✓ Loaded block model: dark_oak_stairs_inner_inverse
✓ Loaded block model: dark_oak_stairs_inverse
✓ Loaded block model: dark_oak_stairs_outer
✓ Loaded block model: dark_oak_stairs_outer_inverse
✓ Loaded block model: dark_prismarine
✓ Loaded block model: dark_prismarine_1
✓ Loaded block model: dark_prismarine_2
✓ Loaded block model: dark_prismarine_3
✓ Loaded block model: deepslate
✓ Loaded block model: deepslate_1
✓ Loaded block model: deepslate_2
✓ Loaded block model: deepslate_3
✓ Loaded block model: deepslate_4
✓ Loaded block model: deepslate_5
✓ Loaded block model: deepslate_6
✓ Loaded block model: deepslate_bricks
✓ Loaded block model: deepslate_bricks_1
✓ Loaded block model: deepslate_bricks_2
✓ Loaded block model: deepslate_bricks_wall_post
✓ Loaded block model: deepslate_bricks_wall_side
✓ Loaded block model: deepslate_bricks_wall_side_tall
✓ Loaded block model: deepslate_coal_ore
✓ Loaded block model: deepslate_coal_ore_1
✓ Loaded block model: deepslate_coal_ore_2
✓ Loaded block model: deepslate_coal_ore_3
✓ Loaded block model: deepslate_coal_ore_4
✓ Loaded block model: deepslate_copper_ore
✓ Loaded block model: deepslate_copper_ore_1
✓ Loaded block model: deepslate_copper_ore_2
✓ Loaded block model: deepslate_diamond_ore
✓ Loaded block model: deepslate_diamond_ore_1
✓ Loaded block model: deepslate_diamond_ore_2
✓ Loaded block model: deepslate_diamond_ore_3
✓ Loaded block model: deepslate_emerald_ore
✓ Loaded block model: deepslate_emerald_ore_1
✓ Loaded block model: deepslate_emerald_ore_2
✓ Loaded block model: deepslate_emerald_ore_3
✓ Loaded block model: deepslate_gold_ore
✓ Loaded block model: deepslate_gold_ore_1
✓ Loaded block model: deepslate_gold_ore_2
✓ Loaded block model: deepslate_gold_ore_3
✓ Loaded block model: deepslate_iron_ore
✓ Loaded block model: deepslate_iron_ore_1
✓ Loaded block model: deepslate_iron_ore_2
✓ Loaded block model: deepslate_iron_ore_3
✓ Loaded block model: deepslate_iron_ore_4
✓ Loaded block model: deepslate_lapis_ore
✓ Loaded block model: deepslate_lapis_ore_1
✓ Loaded block model: deepslate_lapis_ore_2
✓ Loaded block model: deepslate_redstone_ore
✓ Loaded block model: deepslate_redstone_ore_1
✓ Loaded block model: deepslate_redstone_ore_2
✓ Loaded block model: diamond_ore
✓ Loaded block model: diamond_ore_1
✓ Loaded block model: diamond_ore_2
✓ Loaded block model: diorite
✓ Loaded block model: diorite_1
✓ Loaded block model: diorite_2
✓ Loaded block model: dirt
✓ Loaded block model: dirt_1
✓ Loaded block model: dirt_2
✓ Loaded block model: dirt_3
✓ Loaded block model: dirt_4
✓ Loaded block model: dirt_5
✓ Loaded block model: emerald_ore
✓ Loaded block model: emerald_ore_1
✓ Loaded block model: emerald_ore_2
✓ Loaded block model: end_stone
✓ Loaded block model: end_stone_1
✓ Loaded block model: end_stone_2
✓ Loaded block model: end_stone_3
✓ Loaded block model: exposed_copper
✓ Loaded block model: exposed_copper_1
✓ Loaded block model: exposed_copper_2
✓ Loaded block model: exposed_copper_3
✓ Loaded block model: exposed_copper_grate
✓ Loaded block model: exposed_copper_grate_1
✓ Loaded block model: exposed_copper_grate_2
✓ Loaded block model: exposed_copper_grate_3
✓ Loaded block model: exposed_cut_copper
✓ Loaded block model: exposed_cut_copper_1
✓ Loaded block model: exposed_cut_copper_2
✓ Loaded block model: exposed_cut_copper_3
✓ Loaded block model: fire_up
✓ Loaded block model: fire_up0
✓ Loaded block model: fire_up1
✓ Loaded block model: fire_up_alt
✓ Loaded block model: fire_up_alt0
✓ Loaded block model: fire_up_alt1
✓ Loaded block model: glass
✓ Loaded block model: glow_item_frame
✓ Loaded block model: gold_ore
✓ Loaded block model: gold_ore_1
✓ Loaded block model: gold_ore_2
✓ Loaded block model: gold_ore_3
✓ Loaded block model: granite
✓ Loaded block model: granite_1
✓ Loaded block model: granite_2
✓ Loaded block model: grass
✓ Loaded block model: grass_block
✓ Loaded block model: grass_block_1
✓ Loaded block model: grass_block_2
✓ Loaded block model: gravel
✓ Loaded block model: gravel_1
✓ Loaded block model: gravel_2
✓ Loaded block model: gravel_3
✓ Loaded block model: inner_stairs_faces
✓ Loaded block model: iron_block
✓ Loaded block model: iron_block_1
✓ Loaded block model: iron_block_2
✓ Loaded block model: iron_ore
✓ Loaded block model: iron_ore_1
✓ Loaded block model: iron_ore_2
✓ Loaded block model: item_frame
✓ Loaded block model: jungle_button
✓ Loaded block model: jungle_button_pressed
✓ Loaded block model: jungle_fence_gate
✓ Loaded block model: jungle_fence_gate_open
✓ Loaded block model: jungle_fence_gate_wall
✓ Loaded block model: jungle_fence_gate_wall_open
✓ Loaded block model: jungle_fence_post
✓ Loaded block model: jungle_fence_side
✓ Loaded block model: jungle_leaves
✓ Loaded block model: jungle_leaves_1
✓ Loaded block model: jungle_leaves_2
✓ Loaded block model: jungle_leaves_3
✓ Loaded block model: jungle_leaves_4
✓ Loaded block model: jungle_leaves_5
✓ Loaded block model: jungle_leaves_6
✓ Loaded block model: jungle_planks
✓ Loaded block model: jungle_slab
✓ Loaded block model: jungle_slab_top
✓ Loaded block model: jungle_stairs
✓ Loaded block model: jungle_stairs_inner
✓ Loaded block model: jungle_stairs_outer
✓ Loaded block model: lapis_block
✓ Loaded block model: lapis_block_1
✓ Loaded block model: lapis_block_2
✓ Loaded block model: lapis_ore
✓ Loaded block model: lapis_ore_1
✓ Loaded block model: lapis_ore_2
✓ Loaded block model: lever
✓ Loaded block model: lever_on
✓ Loaded block model: lily_pad
✓ Loaded block model: lily_pad2
✓ Loaded block model: lily_pad3
✓ Loaded block model: lily_pad4
✓ Loaded block model: lily_pad5
✓ Loaded block model: mangrove_button
✓ Loaded block model: mangrove_button_pressed
✓ Loaded block model: mangrove_fence_gate
✓ Loaded block model: mangrove_fence_gate_open
✓ Loaded block model: mangrove_fence_gate_wall
✓ Loaded block model: mangrove_fence_gate_wall_open
✓ Loaded block model: mangrove_fence_post
✓ Loaded block model: mangrove_fence_side
✓ Loaded block model: mangrove_planks
✓ Loaded block model: mangrove_planks_1
✓ Loaded block model: mossy_cobblestone
✓ Loaded block model: mossy_cobblestone_1
✓ Loaded block model: mossy_cobblestone_2
✓ Loaded block model: mossy_cobblestone_wall_post
✓ Loaded block model: mossy_cobblestone_wall_side
✓ Loaded block model: mossy_cobblestone_wall_side_tall
✓ Loaded block model: mossy_stone_bricks
✓ Loaded block model: mossy_stone_bricks_1
✓ Loaded block model: mossy_stone_bricks_2
✓ Loaded block model: mossy_stone_brick_wall_post
✓ Loaded block model: mossy_stone_brick_wall_side
✓ Loaded block model: mossy_stone_brick_wall_side_tall
✓ Loaded block model: mud
✓ Loaded block model: mud_1
✓ Loaded block model: mud_2
✓ Loaded block model: netherrack
✓ Loaded block model: netherrack_1
✓ Loaded block model: netherrack_2
✓ Loaded block model: netherrack_3
✓ Loaded block model: netherrack_4
✓ Loaded block model: nether_brick_fence_post
✓ Loaded block model: nether_brick_fence_side
✓ Loaded block model: nether_quartz_ore
✓ Loaded block model: nether_quartz_ore_1
✓ Loaded block model: nether_quartz_ore_2
✓ Loaded block model: oak_button
✓ Loaded block model: oak_button_pressed
✓ Loaded block model: oak_fence_gate
✓ Loaded block model: oak_fence_gate_open
✓ Loaded block model: oak_fence_gate_wall
✓ Loaded block model: oak_fence_gate_wall_open
✓ Loaded block model: oak_fence_post
✓ Loaded block model: oak_fence_side
✓ Loaded block model: oak_leaves
✓ Loaded block model: oak_leaves_1
✓ Loaded block model: oak_leaves_2
✓ Loaded block model: oak_leaves_3
✓ Loaded block model: oak_leaves_4
✓ Loaded block model: oak_log
✓ Loaded block model: oak_planks
✓ Loaded block model: oak_planks_1
✓ Loaded block model: oak_planks_2
✓ Loaded block model: oak_planks_3
✓ Loaded block model: oak_slab
✓ Loaded block model: oak_slab_1
✓ Loaded block model: oak_slab_2
✓ Loaded block model: oak_slab_3
✓ Loaded block model: oak_slab_top
✓ Loaded block model: oak_slab_top_1
✓ Loaded block model: oak_slab_top_2
✓ Loaded block model: oak_slab_top_3
✓ Loaded block model: outer_stairs_faces
✓ Loaded block model: oxidized_copper
✓ Loaded block model: oxidized_copper_1
✓ Loaded block model: oxidized_copper_2
✓ Loaded block model: oxidized_copper_3
✓ Loaded block model: oxidized_copper_grate
✓ Loaded block model: oxidized_copper_grate_1
✓ Loaded block model: oxidized_cut_copper
✓ Loaded block model: oxidized_cut_copper_1
✓ Loaded block model: pale_oak_button
✓ Loaded block model: pale_oak_button_pressed
✓ Loaded block model: pale_oak_fence_gate
✓ Loaded block model: pale_oak_fence_gate_open
✓ Loaded block model: pale_oak_fence_gate_wall
✓ Loaded block model: pale_oak_fence_gate_wall_open
✓ Loaded block model: pale_oak_fence_post
✓ Loaded block model: pale_oak_fence_side
✓ Loaded block model: pale_oak_leaves
✓ Loaded block model: pale_oak_leaves_1
✓ Loaded block model: pale_oak_leaves_2
✓ Loaded block model: pale_oak_planks
✓ Loaded block model: pale_oak_planks_1
✓ Loaded block model: pale_oak_planks_2
✓ Loaded block model: pale_oak_planks_3
✓ Loaded block model: polished_andesite
✓ Loaded block model: polished_andesite_1
✓ Loaded block model: polished_andesite_2
✓ Loaded block model: polished_andesite_3
✓ Loaded block model: polished_andesite_slab
✓ Loaded block model: polished_andesite_slab_1
✓ Loaded block model: polished_andesite_slab_top
✓ Loaded block model: polished_andesite_stairs
✓ Loaded block model: polished_andesite_stairs_inner
✓ Loaded block model: polished_andesite_stairs_outer
✓ Loaded block model: polished_blackstone_button
✓ Loaded block model: polished_blackstone_button_pressed
✓ Loaded block model: polished_blackstone_slab
✓ Loaded block model: polished_blackstone_slab_1
✓ Loaded block model: polished_blackstone_slab_top
✓ Loaded block model: polished_blackstone_stairs
✓ Loaded block model: polished_blackstone_stairs_inner
✓ Loaded block model: polished_blackstone_stairs_outer
✓ Loaded block model: polished_blackstone_wall_post
✓ Loaded block model: polished_blackstone_wall_side
✓ Loaded block model: polished_blackstone_wall_side_tall
✓ Loaded block model: polished_deepslate
✓ Loaded block model: polished_deepslate_1
✓ Loaded block model: polished_deepslate_slab
✓ Loaded block model: polished_deepslate_slab_1
✓ Loaded block model: polished_deepslate_slab_top
✓ Loaded block model: polished_deepslate_stairs
✓ Loaded block model: polished_deepslate_stairs_inner
✓ Loaded block model: polished_deepslate_stairs_outer
✓ Loaded block model: polished_diorite
✓ Loaded block model: polished_diorite_1
✓ Loaded block model: polished_diorite_2
✓ Loaded block model: polished_diorite_3
✓ Loaded block model: polished_diorite_slab
✓ Loaded block model: polished_diorite_slab_1
✓ Loaded block model: polished_diorite_slab_top
✓ Loaded block model: polished_diorite_stairs
✓ Loaded block model: polished_diorite_stairs_inner
✓ Loaded block model: polished_diorite_stairs_outer
✓ Loaded block model: polished_granite
✓ Loaded block model: polished_granite_1
✓ Loaded block model: polished_granite_2
✓ Loaded block model: polished_granite_3
✓ Loaded block model: polished_granite_slab
✓ Loaded block model: polished_granite_slab_1
✓ Loaded block model: polished_granite_slab_top
✓ Loaded block model: polished_granite_stairs
✓ Loaded block model: polished_granite_stairs_inner
✓ Loaded block model: polished_granite_stairs_outer
✓ Loaded block model: polished_tuff_slab
✓ Loaded block model: polished_tuff_slab_1
✓ Loaded block model: polished_tuff_slab_top
✓ Loaded block model: polished_tuff_stairs
✓ Loaded block model: polished_tuff_stairs_inner
✓ Loaded block model: polished_tuff_stairs_outer
✓ Loaded block model: prismarine_bricks
✓ Loaded block model: prismarine_bricks_1
✓ Loaded block model: prismarine_bricks_2
✓ Loaded block model: prismarine_bricks_3
✓ Loaded block model: purpur_block
✓ Loaded block model: purpur_slab
✓ Loaded block model: purpur_slab_top
✓ Loaded block model: purpur_stairs
✓ Loaded block model: purpur_stairs_inner
✓ Loaded block model: purpur_stairs_inner_inverse
✓ Loaded block model: purpur_stairs_inverse
✓ Loaded block model: purpur_stairs_outer
✓ Loaded block model: purpur_stairs_outer_inverse
✓ Loaded block model: quartz_slab
✓ Loaded block model: quartz_slab_1
✓ Loaded block model: quartz_slab_top
✓ Loaded block model: quartz_stairs
✓ Loaded block model: quartz_stairs_inner
✓ Loaded block model: quartz_stairs_inner_inverse
✓ Loaded block model: quartz_stairs_inverse
✓ Loaded block model: quartz_stairs_outer
✓ Loaded block model: quartz_stairs_outer_inverse
✓ Loaded block model: redstone_ore
✓ Loaded block model: redstone_ore_1
✓ Loaded block model: redstone_ore_2
✓ Loaded block model: red_sand
✓ Loaded block model: red_sandstone
✓ Loaded block model: red_sandstone_1
✓ Loaded block model: red_sandstone_2
✓ Loaded block model: red_sandstone_3
✓ Loaded block model: red_sandstone_wall_post
✓ Loaded block model: red_sandstone_wall_side
✓ Loaded block model: red_sandstone_wall_side_tall
✓ Loaded block model: red_sand_1
✓ Loaded block model: red_sand_2
✓ Loaded block model: red_sand_3
✓ Loaded block model: rooted_dirt
✓ Loaded block model: rooted_dirt_1
✓ Loaded block model: rooted_dirt_2
✓ Loaded block model: sand
✓ Loaded block model: sandstone
✓ Loaded block model: sandstone_1
✓ Loaded block model: sandstone_2
✓ Loaded block model: sandstone_3
✓ Loaded block model: sandstone_wall_post
✓ Loaded block model: sandstone_wall_side
✓ Loaded block model: sandstone_wall_side_tall
✓ Loaded block model: sand_1
✓ Loaded block model: sand_2
✓ Loaded block model: sand_3
✓ Loaded block model: short_grass
✓ Loaded block model: short_grass_1
✓ Loaded block model: short_grass_2
✓ Loaded block model: smooth_basalt
✓ Loaded block model: smooth_basalt_1
✓ Loaded block model: smooth_basalt_2
✓ Loaded block model: soul_sand
✓ Loaded block model: soul_sand_1
✓ Loaded block model: soul_sand_2
✓ Loaded block model: spruce_button
✓ Loaded block model: spruce_button_pressed
✓ Loaded block model: spruce_fence_gate
✓ Loaded block model: spruce_fence_gate_open
✓ Loaded block model: spruce_fence_gate_wall
✓ Loaded block model: spruce_fence_gate_wall_open
✓ Loaded block model: spruce_fence_post
✓ Loaded block model: spruce_fence_side
✓ Loaded block model: spruce_leaves
✓ Loaded block model: spruce_leaves_1
✓ Loaded block model: spruce_leaves_2
✓ Loaded block model: spruce_leaves_3
✓ Loaded block model: spruce_log
✓ Loaded block model: spruce_log_1
✓ Loaded block model: spruce_planks
✓ Loaded block model: spruce_planks_1
✓ Loaded block model: spruce_planks_2
✓ Loaded block model: spruce_planks_3
✓ Loaded block model: spruce_slab
✓ Loaded block model: spruce_slab_1
✓ Loaded block model: spruce_slab_2
✓ Loaded block model: spruce_slab_3
✓ Loaded block model: spruce_slab_top
✓ Loaded block model: spruce_slab_top_1
✓ Loaded block model: spruce_slab_top_2
✓ Loaded block model: spruce_slab_top_3
✓ Loaded block model: stairs_faces
✓ Loaded block model: stone
✓ Loaded block model: stone_1
✓ Loaded block model: stone_2
✓ Loaded block model: stone_3
✓ Loaded block model: stone_4
✓ Loaded block model: stone_5
✓ Loaded block model: stone_bricks
✓ Loaded block model: stone_bricks_1
✓ Loaded block model: stone_bricks_2
✓ Loaded block model: stone_bricks_3
✓ Loaded block model: stone_bricks_4
✓ Loaded block model: stone_brick_wall_post
✓ Loaded block model: stone_brick_wall_side
✓ Loaded block model: stone_brick_wall_side_tall
✓ Loaded block model: stone_button
✓ Loaded block model: stone_button_pressed
✓ Loaded block model: template_1_wall_post
✓ Loaded block model: template_1_wall_side
✓ Loaded block model: template_1_wall_side_tall
✓ Loaded block model: template_anvil
✓ Loaded block model: template_fence_gate
✓ Loaded block model: template_fence_gate_open
✓ Loaded block model: template_fence_gate_wall
✓ Loaded block model: template_fence_gate_wall_open
✓ Loaded block model: template_fence_post
✓ Loaded block model: template_fence_side
✓ Loaded block model: template_leaf_litter_1
✓ Loaded block model: template_leaf_litter_2
✓ Loaded block model: template_leaf_litter_3
✓ Loaded block model: template_leaf_litter_4
✓ Loaded block model: tripwire_hook
✓ Loaded block model: tripwire_hook_attached
✓ Loaded block model: tripwire_hook_attached_on
✓ Loaded block model: tripwire_hook_on
✓ Loaded block model: warped_button
✓ Loaded block model: warped_button_pressed
✓ Loaded block model: warped_fence_gate
✓ Loaded block model: warped_fence_gate_open
✓ Loaded block model: warped_fence_gate_wall
✓ Loaded block model: warped_fence_gate_wall_open
✓ Loaded block model: warped_fence_post
✓ Loaded block model: warped_fence_side
✓ Loaded block model: weathered_copper
✓ Loaded block model: weathered_copper_1
✓ Loaded block model: weathered_copper_2
✓ Loaded block model: weathered_copper_3
✓ Loaded block model: weathered_copper_grate
✓ Loaded block model: weathered_copper_grate_1
✓ Loaded block model: weathered_copper_grate_2
✓ Loaded block model: weathered_copper_grate_3
✓ Loaded block model: weathered_cut_copper
✓ Loaded block model: weathered_cut_copper_1
✓ Loaded block model: weathered_cut_copper_2
✓ Loaded block model: weathered_cut_copper_3
✓ Loaded 578 block models
Loaded UI font: C:\Windows\Fonts\segoeui.ttf
